2026-04-08 22:57:06,851 [INFO] Logger initialized. Writing to logs\pipeline_20260409_025706.log
2026-04-08 22:57:06,851 [INFO] Setting up database...
2026-04-08 22:57:06,857 [INFO] Starting pipeline for Amazon (www.amazon.com)...
2026-04-08 22:57:06,858 [INFO] Scraping 10 pages...
2026-04-08 22:57:30,523 [INFO] Scraped 200 raw reviews.
2026-04-08 22:57:30,525 [INFO] Cleaning reviews...
2026-04-08 22:57:30,528 [INFO] Saving to database...
2026-04-08 22:57:30,546 [INFO] Exporting to CSV...
2026-04-08 22:57:30,550 [INFO] Finished Amazon.
2026-04-08 22:57:30,550 [INFO] Starting pipeline for eBay (www.ebay.com)...
2026-04-08 22:57:30,550 [INFO] Scraping 10 pages...
2026-04-08 22:57:54,201 [INFO] Scraped 200 raw reviews.
2026-04-08 22:57:54,202 [INFO] Cleaning reviews...
2026-04-08 22:57:54,202 [INFO] Saving to database...
2026-04-08 22:57:54,213 [INFO] Exporting to CSV...
2026-04-08 22:57:54,216 [INFO] Finished eBay.
2026-04-08 22:57:54,216 [INFO] Starting pipeline for Walmart (www.walmart.com)...
2026-04-08 22:57:54,216 [INFO] Scraping 10 pages...
2026-04-08 22:58:22,838 [INFO] Scraped 200 raw reviews.
2026-04-08 22:58:22,838 [INFO] Cleaning reviews...
2026-04-08 22:58:22,838 [INFO] Saving to database...
2026-04-08 22:58:22,849 [INFO] Exporting to CSV...
2026-04-08 22:58:22,853 [INFO] Finished Walmart.
2026-04-08 22:58:22,856 [INFO] Pipeline complete.
